<?xml version="1.0" encoding="UTF-8"?>
<testng-results ignored="0" total="2" passed="2" failed="0" skipped="0">
  <reporter-output>
  </reporter-output>
  <suite started-at="2023-01-15T10:30:55Z" name="Default suite" finished-at="2023-01-15T10:30:56Z" duration-ms="1095">
    <groups>
    </groups>
    <test started-at="2023-01-15T10:30:55Z" name="Default test" finished-at="2023-01-15T10:30:56Z" duration-ms="1095">
      <class name="excelUtils.ExcelDataProvider">
        <test-method signature="testMethod(java.lang.String, java.lang.String, java.lang.String)[pri:0, instance:excelUtils.ExcelDataProvider@7cbd9d24]" started-at="2023-01-15T10:30:56Z" name="testMethod" data-provider="GetData" finished-at="2023-01-15T10:30:56Z" duration-ms="11" status="PASS">
          <params>
            <param index="0">
              <value>
                <![CDATA[Abhi]]>
              </value>
            </param>
            <param index="1">
              <value>
                <![CDATA[abhi1234]]>
              </value>
            </param>
            <param index="2">
              <value>
                <![CDATA[Snow]]>
              </value>
            </param>
          </params>
          <reporter-output>
          </reporter-output>
        </test-method> <!-- testMethod -->
        <test-method signature="testMethod(java.lang.String, java.lang.String, java.lang.String)[pri:0, instance:excelUtils.ExcelDataProvider@7cbd9d24]" started-at="2023-01-15T10:30:56Z" name="testMethod" data-provider="GetData" finished-at="2023-01-15T10:30:56Z" duration-ms="4" status="PASS">
          <params>
            <param index="0">
              <value>
                <![CDATA[Kuhu]]>
              </value>
            </param>
            <param index="1">
              <value>
                <![CDATA[kuhu5678]]>
              </value>
            </param>
            <param index="2">
              <value>
                <![CDATA[Verity]]>
              </value>
            </param>
          </params>
          <reporter-output>
          </reporter-output>
        </test-method> <!-- testMethod -->
      </class> <!-- excelUtils.ExcelDataProvider -->
    </test> <!-- Default test -->
  </suite> <!-- Default suite -->
</testng-results>
